<?xml version="1.0" encoding="UTF-8"?>
<coverage generated="1741173684606" clover="3.2.0">
  <project timestamp="1741173684606" name="All files">
    <metrics statements="55" coveredstatements="53" conditionals="12" coveredconditionals="9" methods="11" coveredmethods="10" elements="78" coveredelements="72" complexity="0" loc="55" ncloc="55" packages="1" files="2" classes="2"/>
    <file name="docker-manager.ts" path="/Users/joseviejo/curso/codecripto/web25-besu-2025/lib2/src/docker-manager.ts">
      <metrics statements="53" coveredstatements="53" conditionals="12" coveredconditionals="9" methods="10" coveredmethods="10"/>
      <line num="1" count="1" type="stmt"/>
      <line num="12" count="1" type="stmt"/>
      <line num="20" count="18" type="stmt"/>
      <line num="29" count="2" type="cond" truecount="1" falsecount="0"/>
      <line num="31" count="2" type="stmt"/>
      <line num="46" count="2" type="stmt"/>
      <line num="47" count="2" type="stmt"/>
      <line num="48" count="1" type="stmt"/>
      <line num="50" count="1" type="stmt"/>
      <line num="60" count="3" type="stmt"/>
      <line num="62" count="3" type="stmt"/>
      <line num="64" count="3" type="stmt"/>
      <line num="69" count="2" type="stmt"/>
      <line num="72" count="2" type="cond" truecount="1" falsecount="0"/>
      <line num="73" count="1" type="stmt"/>
      <line num="75" count="1" type="stmt"/>
      <line num="80" count="1" type="cond" truecount="1" falsecount="0"/>
      <line num="81" count="1" type="stmt"/>
      <line num="86" count="1" type="stmt"/>
      <line num="90" count="2" type="stmt"/>
      <line num="92" count="2" type="stmt"/>
      <line num="94" count="1" type="stmt"/>
      <line num="105" count="3" type="stmt"/>
      <line num="106" count="3" type="stmt"/>
      <line num="107" count="3" type="stmt"/>
      <line num="109" count="1" type="stmt"/>
      <line num="119" count="3" type="stmt"/>
      <line num="121" count="3" type="stmt"/>
      <line num="122" count="3" type="stmt"/>
      <line num="125" count="2" type="cond" truecount="1" falsecount="1"/>
      <line num="128" count="2" type="stmt"/>
      <line num="129" count="2" type="stmt"/>
      <line num="132" count="1" type="stmt"/>
      <line num="143" count="3" type="stmt"/>
      <line num="145" count="3" type="cond" truecount="1" falsecount="0"/>
      <line num="146" count="2" type="stmt"/>
      <line num="150" count="3" type="stmt"/>
      <line num="151" count="3" type="stmt"/>
      <line num="153" count="1" type="stmt"/>
      <line num="163" count="2" type="stmt"/>
      <line num="164" count="2" type="stmt"/>
      <line num="165" count="2" type="stmt"/>
      <line num="167" count="1" type="stmt"/>
      <line num="169" count="1" type="stmt"/>
      <line num="170" count="1" type="stmt"/>
      <line num="178" count="1" type="stmt"/>
      <line num="188" count="1" type="stmt"/>
      <line num="198" count="2" type="stmt"/>
      <line num="199" count="2" type="stmt"/>
      <line num="200" count="2" type="stmt"/>
      <line num="202" count="2" type="cond" truecount="1" falsecount="1"/>
      <line num="207" count="1" type="stmt"/>
      <line num="214" count="1" type="stmt"/>
    </file>
    <file name="index.ts" path="/Users/joseviejo/curso/codecripto/web25-besu-2025/lib2/src/index.ts">
      <metrics statements="2" coveredstatements="0" conditionals="0" coveredconditionals="0" methods="1" coveredmethods="0"/>
      <line num="1" count="0" type="stmt"/>
      <line num="2" count="0" type="stmt"/>
    </file>
  </project>
</coverage>
