{"C:\\Users\\Rubén\\OneDrive\\Escritorio\\PFM2.5\\web25-besu-2025\\lib-dockercode\\src\\besu-network.ts": {"path":"C:\\Users\\Rubén\\OneDrive\\Escritorio\\PFM2.5\\web25-besu-2025\\lib-dockercode\\src\\besu-network.ts","statementMap":{"0":{"start":{"line":1,"column":0},"end":{"line":1,"column":49}},"1":{"start":{"line":11,"column":0},"end":{"line":11,"column":25}},"2":{"start":{"line":20,"column":10},"end":{"line":20,"column":57}},"3":{"start":{"line":23,"column":4},"end":{"line":23,"column":45}},"4":{"start":{"line":31,"column":4},"end":{"line":31,"column":32}},"5":{"start":{"line":34,"column":49},"end":{"line":41,"column":6}},"6":{"start":{"line":43,"column":4},"end":{"line":43,"column":59}},"7":{"start":{"line":46,"column":4},"end":{"line":51,"column":5}},"8":{"start":{"line":47,"column":6},"end":{"line":47,"column":45}},"9":{"start":{"line":48,"column":6},"end":{"line":48,"column":51}},"10":{"start":{"line":50,"column":6},"end":{"line":50,"column":54}},"11":{"start":{"line":58,"column":4},"end":{"line":60,"column":5}},"12":{"start":{"line":59,"column":6},"end":{"line":59,"column":78}},"13":{"start":{"line":63,"column":4},"end":{"line":63,"column":40}},"14":{"start":{"line":66,"column":20},"end":{"line":66,"column":73}},"15":{"start":{"line":67,"column":20},"end":{"line":67,"column":74}},"16":{"start":{"line":70,"column":47},"end":{"line":90,"column":6}},"17":{"start":{"line":93,"column":24},"end":{"line":93,"column":82}},"18":{"start":{"line":96,"column":39},"end":{"line":102,"column":6}},"19":{"start":{"line":104,"column":4},"end":{"line":104,"column":48}},"20":{"start":{"line":105,"column":4},"end":{"line":105,"column":23}},"21":{"start":{"line":112,"column":17},"end":{"line":112,"column":41}},"22":{"start":{"line":113,"column":4},"end":{"line":115,"column":5}},"23":{"start":{"line":114,"column":6},"end":{"line":114,"column":56}},"24":{"start":{"line":117,"column":4},"end":{"line":117,"column":63}},"25":{"start":{"line":118,"column":4},"end":{"line":118,"column":32}},"26":{"start":{"line":125,"column":4},"end":{"line":127,"column":5}},"27":{"start":{"line":126,"column":6},"end":{"line":126,"column":57}},"28":{"start":{"line":130,"column":4},"end":{"line":132,"column":5}},"29":{"start":{"line":131,"column":6},"end":{"line":131,"column":38}},"30":{"start":{"line":135,"column":4},"end":{"line":135,"column":75}},"31":{"start":{"line":138,"column":4},"end":{"line":138,"column":35}},"32":{"start":{"line":139,"column":4},"end":{"line":139,"column":23}},"33":{"start":{"line":146,"column":4},"end":{"line":148,"column":5}},"34":{"start":{"line":147,"column":6},"end":{"line":147,"column":43}},"35":{"start":{"line":150,"column":24},"end":{"line":150,"column":95}},"36":{"start":{"line":152,"column":4},"end":{"line":157,"column":6}},"37":{"start":{"line":156,"column":87},"end":{"line":156,"column":109}},"38":{"start":{"line":164,"column":20},"end":{"line":172,"column":6}},"39":{"start":{"line":175,"column":4},"end":{"line":199,"column":5}},"40":{"start":{"line":177,"column":8},"end":{"line":179,"column":9}},"41":{"start":{"line":178,"column":10},"end":{"line":178,"column":71}},"42":{"start":{"line":180,"column":8},"end":{"line":183,"column":10}},"43":{"start":{"line":184,"column":8},"end":{"line":184,"column":14}},"44":{"start":{"line":188,"column":8},"end":{"line":188,"column":14}},"45":{"start":{"line":192,"column":8},"end":{"line":197,"column":9}},"46":{"start":{"line":194,"column":28},"end":{"line":194,"column":62}},"47":{"start":{"line":198,"column":8},"end":{"line":198,"column":14}},"48":{"start":{"line":201,"column":4},"end":{"line":201,"column":19}},"49":{"start":{"line":208,"column":4},"end":{"line":210,"column":5}},"50":{"start":{"line":209,"column":6},"end":{"line":209,"column":71}},"51":{"start":{"line":212,"column":4},"end":{"line":214,"column":5}},"52":{"start":{"line":213,"column":6},"end":{"line":213,"column":80}},"53":{"start":{"line":222,"column":26},"end":{"line":224,"column":15}},"54":{"start":{"line":223,"column":19},"end":{"line":223,"column":41}},"55":{"start":{"line":226,"column":22},"end":{"line":226,"column":77}},"56":{"start":{"line":228,"column":20},"end":{"line":240,"column":6}},"57":{"start":{"line":243,"column":4},"end":{"line":243,"column":82}},"58":{"start":{"line":250,"column":22},"end":{"line":254,"column":null}},"59":{"start":{"line":251,"column":54},"end":{"line":254,"column":8}},"60":{"start":{"line":257,"column":15},"end":{"line":257,"column":23}},"61":{"start":{"line":258,"column":4},"end":{"line":260,"column":5}},"62":{"start":{"line":259,"column":6},"end":{"line":259,"column":13}},"63":{"start":{"line":261,"column":4},"end":{"line":261,"column":16}},"64":{"start":{"line":17,"column":0},"end":{"line":17,"column":13}}},"fnMap":{"0":{"name":"(anonymous_9)","decl":{"start":{"line":22,"column":2},"end":{"line":22,"column":null}},"loc":{"start":{"line":22,"column":2},"end":{"line":24,"column":3}}},"1":{"name":"(anonymous_10)","decl":{"start":{"line":29,"column":2},"end":{"line":29,"column":7}},"loc":{"start":{"line":29,"column":84},"end":{"line":52,"column":3}}},"2":{"name":"(anonymous_11)","decl":{"start":{"line":57,"column":2},"end":{"line":57,"column":7}},"loc":{"start":{"line":57,"column":42},"end":{"line":106,"column":3}}},"3":{"name":"(anonymous_12)","decl":{"start":{"line":111,"column":2},"end":{"line":111,"column":7}},"loc":{"start":{"line":111,"column":35},"end":{"line":119,"column":3}}},"4":{"name":"(anonymous_13)","decl":{"start":{"line":124,"column":2},"end":{"line":124,"column":7}},"loc":{"start":{"line":124,"column":22},"end":{"line":140,"column":3}}},"5":{"name":"(anonymous_14)","decl":{"start":{"line":145,"column":2},"end":{"line":145,"column":7}},"loc":{"start":{"line":145,"column":24},"end":{"line":158,"column":3}}},"6":{"name":"(anonymous_15)","decl":{"start":{"line":156,"column":82},"end":{"line":156,"column":83}},"loc":{"start":{"line":156,"column":87},"end":{"line":156,"column":109}}},"7":{"name":"(anonymous_16)","decl":{"start":{"line":163,"column":10},"end":{"line":163,"column":26}},"loc":{"start":{"line":163,"column":87},"end":{"line":202,"column":3}}},"8":{"name":"(anonymous_17)","decl":{"start":{"line":207,"column":10},"end":{"line":207,"column":28}},"loc":{"start":{"line":207,"column":55},"end":{"line":215,"column":3}}},"9":{"name":"(anonymous_18)","decl":{"start":{"line":220,"column":10},"end":{"line":220,"column":15}},"loc":{"start":{"line":220,"column":61},"end":{"line":244,"column":3}}},"10":{"name":"(anonymous_19)","decl":{"start":{"line":223,"column":11},"end":{"line":223,"column":15}},"loc":{"start":{"line":223,"column":19},"end":{"line":223,"column":41}}},"11":{"name":"(anonymous_20)","decl":{"start":{"line":249,"column":10},"end":{"line":249,"column":30}},"loc":{"start":{"line":249,"column":47},"end":{"line":262,"column":3}}},"12":{"name":"(anonymous_21)","decl":{"start":{"line":251,"column":46},"end":{"line":251,"column":50}},"loc":{"start":{"line":251,"column":54},"end":{"line":254,"column":8}}}},"branchMap":{"0":{"loc":{"start":{"line":29,"column":49},"end":{"line":29,"column":84}},"type":"default-arg","locations":[{"start":{"line":29,"column":79},"end":{"line":29,"column":84}}]},"1":{"loc":{"start":{"line":46,"column":4},"end":{"line":51,"column":5}},"type":"if","locations":[{"start":{"line":46,"column":4},"end":{"line":51,"column":5}},{"start":{"line":49,"column":11},"end":{"line":51,"column":5}}]},"2":{"loc":{"start":{"line":46,"column":8},"end":{"line":46,"column":61}},"type":"binary-expr","locations":[{"start":{"line":46,"column":8},"end":{"line":46,"column":27}},{"start":{"line":46,"column":31},"end":{"line":46,"column":61}}]},"3":{"loc":{"start":{"line":58,"column":4},"end":{"line":60,"column":5}},"type":"if","locations":[{"start":{"line":58,"column":4},"end":{"line":60,"column":5}}]},"4":{"loc":{"start":{"line":66,"column":20},"end":{"line":66,"column":73}},"type":"binary-expr","locations":[{"start":{"line":66,"column":20},"end":{"line":66,"column":38}},{"start":{"line":66,"column":42},"end":{"line":66,"column":73}}]},"5":{"loc":{"start":{"line":67,"column":20},"end":{"line":67,"column":74}},"type":"binary-expr","locations":[{"start":{"line":67,"column":20},"end":{"line":67,"column":38}},{"start":{"line":67,"column":42},"end":{"line":67,"column":74}}]},"6":{"loc":{"start":{"line":113,"column":4},"end":{"line":115,"column":5}},"type":"if","locations":[{"start":{"line":113,"column":4},"end":{"line":115,"column":5}}]},"7":{"loc":{"start":{"line":125,"column":4},"end":{"line":127,"column":5}},"type":"if","locations":[{"start":{"line":125,"column":4},"end":{"line":127,"column":5}}]},"8":{"loc":{"start":{"line":146,"column":4},"end":{"line":148,"column":5}},"type":"if","locations":[{"start":{"line":146,"column":4},"end":{"line":148,"column":5}}]},"9":{"loc":{"start":{"line":156,"column":21},"end":{"line":156,"column":110}},"type":"binary-expr","locations":[{"start":{"line":156,"column":21},"end":{"line":156,"column":40}},{"start":{"line":156,"column":44},"end":{"line":156,"column":110}}]},"10":{"loc":{"start":{"line":171,"column":24},"end":{"line":171,"column":83}},"type":"binary-expr","locations":[{"start":{"line":171,"column":24},"end":{"line":171,"column":53}},{"start":{"line":171,"column":57},"end":{"line":171,"column":83}}]},"11":{"loc":{"start":{"line":175,"column":4},"end":{"line":199,"column":5}},"type":"switch","locations":[{"start":{"line":176,"column":6},"end":{"line":184,"column":14}},{"start":{"line":186,"column":6},"end":{"line":188,"column":14}},{"start":{"line":190,"column":6},"end":{"line":198,"column":14}}]},"12":{"loc":{"start":{"line":177,"column":8},"end":{"line":179,"column":9}},"type":"if","locations":[{"start":{"line":177,"column":8},"end":{"line":179,"column":9}}]},"13":{"loc":{"start":{"line":192,"column":8},"end":{"line":197,"column":9}},"type":"if","locations":[{"start":{"line":192,"column":8},"end":{"line":197,"column":9}}]},"14":{"loc":{"start":{"line":208,"column":4},"end":{"line":210,"column":5}},"type":"if","locations":[{"start":{"line":208,"column":4},"end":{"line":210,"column":5}}]},"15":{"loc":{"start":{"line":208,"column":8},"end":{"line":208,"column":67}},"type":"binary-expr","locations":[{"start":{"line":208,"column":8},"end":{"line":208,"column":36}},{"start":{"line":208,"column":40},"end":{"line":208,"column":67}}]},"16":{"loc":{"start":{"line":212,"column":4},"end":{"line":214,"column":5}},"type":"if","locations":[{"start":{"line":212,"column":4},"end":{"line":214,"column":5}}]},"17":{"loc":{"start":{"line":212,"column":8},"end":{"line":212,"column":93}},"type":"binary-expr","locations":[{"start":{"line":212,"column":8},"end":{"line":212,"column":34}},{"start":{"line":212,"column":38},"end":{"line":212,"column":93}}]},"18":{"loc":{"start":{"line":239,"column":13},"end":{"line":239,"column":41}},"type":"binary-expr","locations":[{"start":{"line":239,"column":13},"end":{"line":239,"column":35}},{"start":{"line":239,"column":39},"end":{"line":239,"column":41}}]}},"s":{"0":1,"1":1,"2":1,"3":1,"4":1,"5":1,"6":1,"7":1,"8":1,"9":1,"10":0,"11":1,"12":0,"13":1,"14":1,"15":1,"16":1,"17":1,"18":1,"19":1,"20":1,"21":1,"22":1,"23":0,"24":1,"25":1,"26":1,"27":0,"28":1,"29":0,"30":1,"31":1,"32":1,"33":2,"34":0,"35":2,"36":2,"37":1,"38":1,"39":1,"40":1,"41":0,"42":1,"43":1,"44":0,"45":0,"46":0,"47":0,"48":1,"49":1,"50":0,"51":1,"52":0,"53":1,"54":1,"55":1,"56":1,"57":1,"58":2,"59":0,"60":2,"61":2,"62":0,"63":2,"64":1},"f":{"0":1,"1":1,"2":1,"3":1,"4":1,"5":2,"6":1,"7":1,"8":1,"9":1,"10":1,"11":2,"12":0},"b":{"0":[1],"1":[1,0],"2":[1,0],"3":[0],"4":[1,1],"5":[1,1],"6":[0],"7":[0],"8":[0],"9":[2,1],"10":[1,1],"11":[1,0,0],"12":[0],"13":[0],"14":[0],"15":[1,1],"16":[0],"17":[1,1],"18":[1,1]}}
,"C:\\Users\\Rubén\\OneDrive\\Escritorio\\PFM2.5\\web25-besu-2025\\lib-dockercode\\src\\docker-manager.ts": {"path":"C:\\Users\\Rubén\\OneDrive\\Escritorio\\PFM2.5\\web25-besu-2025\\lib-dockercode\\src\\docker-manager.ts","statementMap":{"0":{"start":{"line":1,"column":0},"end":{"line":1,"column":31}},"1":{"start":{"line":20,"column":4},"end":{"line":20,"column":38}},"2":{"start":{"line":29,"column":42},"end":{"line":29,"column":49}},"3":{"start":{"line":31,"column":56},"end":{"line":44,"column":6}},"4":{"start":{"line":46,"column":4},"end":{"line":51,"column":5}},"5":{"start":{"line":47,"column":22},"end":{"line":47,"column":69}},"6":{"start":{"line":48,"column":6},"end":{"line":48,"column":24}},"7":{"start":{"line":50,"column":6},"end":{"line":50,"column":76}},"8":{"start":{"line":60,"column":59},"end":{"line":60,"column":66}},"9":{"start":{"line":62,"column":4},"end":{"line":95,"column":5}},"10":{"start":{"line":64,"column":24},"end":{"line":67,"column":8}},"11":{"start":{"line":69,"column":26},"end":{"line":69,"column":38}},"12":{"start":{"line":72,"column":6},"end":{"line":87,"column":7}},"13":{"start":{"line":73,"column":24},"end":{"line":73,"column":59}},"14":{"start":{"line":75,"column":68},"end":{"line":77,"column":10}},"15":{"start":{"line":80,"column":8},"end":{"line":84,"column":9}},"16":{"start":{"line":81,"column":10},"end":{"line":83,"column":12}},"17":{"start":{"line":86,"column":8},"end":{"line":86,"column":53}},"18":{"start":{"line":90,"column":6},"end":{"line":90,"column":30}},"19":{"start":{"line":92,"column":6},"end":{"line":92,"column":25}},"20":{"start":{"line":94,"column":6},"end":{"line":94,"column":83}},"21":{"start":{"line":105,"column":4},"end":{"line":110,"column":5}},"22":{"start":{"line":106,"column":24},"end":{"line":106,"column":58}},"23":{"start":{"line":107,"column":6},"end":{"line":107,"column":40}},"24":{"start":{"line":109,"column":6},"end":{"line":109,"column":86}},"25":{"start":{"line":119,"column":4},"end":{"line":133,"column":5}},"26":{"start":{"line":121,"column":22},"end":{"line":121,"column":61}},"27":{"start":{"line":122,"column":26},"end":{"line":122,"column":49}},"28":{"start":{"line":125,"column":27},"end":{"line":125,"column":68}},"29":{"start":{"line":128,"column":6},"end":{"line":130,"column":7}},"30":{"start":{"line":129,"column":8},"end":{"line":129,"column":48}},"31":{"start":{"line":132,"column":6},"end":{"line":132,"column":99}},"32":{"start":{"line":143,"column":4},"end":{"line":154,"column":5}},"33":{"start":{"line":145,"column":6},"end":{"line":147,"column":7}},"34":{"start":{"line":146,"column":8},"end":{"line":146,"column":62}},"35":{"start":{"line":150,"column":22},"end":{"line":150,"column":61}},"36":{"start":{"line":151,"column":6},"end":{"line":151,"column":29}},"37":{"start":{"line":153,"column":6},"end":{"line":153,"column":79}},"38":{"start":{"line":163,"column":4},"end":{"line":189,"column":5}},"39":{"start":{"line":164,"column":22},"end":{"line":164,"column":61}},"40":{"start":{"line":165,"column":19},"end":{"line":165,"column":42}},"41":{"start":{"line":167,"column":25},"end":{"line":175,"column":null}},"42":{"start":{"line":169,"column":32},"end":{"line":169,"column":76}},"43":{"start":{"line":170,"column":10},"end":{"line":174,"column":12}},"44":{"start":{"line":178,"column":6},"end":{"line":186,"column":8}},"45":{"start":{"line":188,"column":6},"end":{"line":188,"column":93}},"46":{"start":{"line":198,"column":4},"end":{"line":215,"column":5}},"47":{"start":{"line":199,"column":24},"end":{"line":199,"column":67}},"48":{"start":{"line":200,"column":19},"end":{"line":200,"column":44}},"49":{"start":{"line":202,"column":23},"end":{"line":205,"column":9}},"50":{"start":{"line":202,"column":101},"end":{"line":205,"column":8}},"51":{"start":{"line":207,"column":6},"end":{"line":212,"column":8}},"52":{"start":{"line":214,"column":6},"end":{"line":214,"column":98}},"53":{"start":{"line":12,"column":0},"end":{"line":12,"column":13}}},"fnMap":{"0":{"name":"(anonymous_1)","decl":{"start":{"line":19,"column":2},"end":{"line":19,"column":14}},"loc":{"start":{"line":19,"column":44},"end":{"line":21,"column":3}}},"1":{"name":"(anonymous_2)","decl":{"start":{"line":28,"column":2},"end":{"line":28,"column":7}},"loc":{"start":{"line":28,"column":51},"end":{"line":52,"column":3}}},"2":{"name":"(anonymous_3)","decl":{"start":{"line":59,"column":2},"end":{"line":59,"column":7}},"loc":{"start":{"line":59,"column":49},"end":{"line":96,"column":3}}},"3":{"name":"(anonymous_4)","decl":{"start":{"line":104,"column":2},"end":{"line":104,"column":7}},"loc":{"start":{"line":104,"column":63},"end":{"line":111,"column":3}}},"4":{"name":"(anonymous_5)","decl":{"start":{"line":118,"column":2},"end":{"line":118,"column":7}},"loc":{"start":{"line":118,"column":57},"end":{"line":134,"column":3}}},"5":{"name":"(anonymous_6)","decl":{"start":{"line":142,"column":2},"end":{"line":142,"column":7}},"loc":{"start":{"line":142,"column":79},"end":{"line":155,"column":3}}},"6":{"name":"(anonymous_7)","decl":{"start":{"line":162,"column":2},"end":{"line":162,"column":7}},"loc":{"start":{"line":162,"column":46},"end":{"line":190,"column":3}}},"7":{"name":"(anonymous_8)","decl":{"start":{"line":168,"column":50},"end":{"line":168,"column":55}},"loc":{"start":{"line":168,"column":76},"end":{"line":175,"column":9}}},"8":{"name":"(anonymous_9)","decl":{"start":{"line":197,"column":2},"end":{"line":197,"column":7}},"loc":{"start":{"line":197,"column":50},"end":{"line":216,"column":3}}},"9":{"name":"(anonymous_10)","decl":{"start":{"line":202,"column":79},"end":{"line":202,"column":80}},"loc":{"start":{"line":202,"column":101},"end":{"line":205,"column":8}}}},"branchMap":{"0":{"loc":{"start":{"line":29,"column":26},"end":{"line":29,"column":37}},"type":"default-arg","locations":[{"start":{"line":29,"column":35},"end":{"line":29,"column":37}}]},"1":{"loc":{"start":{"line":72,"column":6},"end":{"line":87,"column":7}},"type":"if","locations":[{"start":{"line":72,"column":6},"end":{"line":87,"column":7}}]},"2":{"loc":{"start":{"line":80,"column":8},"end":{"line":84,"column":9}},"type":"if","locations":[{"start":{"line":80,"column":8},"end":{"line":84,"column":9}}]},"3":{"loc":{"start":{"line":104,"column":42},"end":{"line":104,"column":63}},"type":"default-arg","locations":[{"start":{"line":104,"column":59},"end":{"line":104,"column":63}}]},"4":{"loc":{"start":{"line":125,"column":39},"end":{"line":125,"column":67}},"type":"binary-expr","locations":[{"start":{"line":125,"column":39},"end":{"line":125,"column":61}},{"start":{"line":125,"column":65},"end":{"line":125,"column":67}}]},"5":{"loc":{"start":{"line":142,"column":47},"end":{"line":142,"column":79}},"type":"default-arg","locations":[{"start":{"line":142,"column":75},"end":{"line":142,"column":79}}]},"6":{"loc":{"start":{"line":145,"column":6},"end":{"line":147,"column":7}},"type":"if","locations":[{"start":{"line":145,"column":6},"end":{"line":147,"column":7}}]},"7":{"loc":{"start":{"line":168,"column":23},"end":{"line":168,"column":44}},"type":"binary-expr","locations":[{"start":{"line":168,"column":23},"end":{"line":168,"column":38}},{"start":{"line":168,"column":42},"end":{"line":168,"column":44}}]},"8":{"loc":{"start":{"line":202,"column":38},"end":{"line":202,"column":73}},"type":"binary-expr","locations":[{"start":{"line":202,"column":38},"end":{"line":202,"column":67}},{"start":{"line":202,"column":71},"end":{"line":202,"column":73}}]}},"s":{"0":1,"1":1,"2":1,"3":1,"4":1,"5":1,"6":1,"7":0,"8":1,"9":1,"10":1,"11":1,"12":1,"13":1,"14":1,"15":1,"16":0,"17":1,"18":1,"19":1,"20":0,"21":1,"22":1,"23":1,"24":0,"25":1,"26":1,"27":1,"28":1,"29":1,"30":0,"31":0,"32":1,"33":1,"34":1,"35":1,"36":1,"37":0,"38":2,"39":2,"40":2,"41":2,"42":1,"43":1,"44":2,"45":0,"46":1,"47":1,"48":1,"49":1,"50":2,"51":1,"52":0,"53":1},"f":{"0":1,"1":1,"2":1,"3":1,"4":1,"5":1,"6":2,"7":1,"8":1,"9":2},"b":{"0":[0],"1":[1],"2":[0],"3":[1],"4":[1,0],"5":[1],"6":[1],"7":[2,0],"8":[1,0]}}
,"C:\\Users\\Rubén\\OneDrive\\Escritorio\\PFM2.5\\web25-besu-2025\\lib-dockercode\\src\\index.ts": {"path":"C:\\Users\\Rubén\\OneDrive\\Escritorio\\PFM2.5\\web25-besu-2025\\lib-dockercode\\src\\index.ts","statementMap":{"0":{"start":{"line":1,"column":0},"end":{"line":1,"column":9}},"1":{"start":{"line":1,"column":9},"end":{"line":1,"column":49}},"2":{"start":{"line":2,"column":0},"end":{"line":2,"column":9}},"3":{"start":{"line":2,"column":9},"end":{"line":2,"column":45}},"4":{"start":{"line":3,"column":0},"end":{"line":3,"column":24}}},"fnMap":{"0":{"name":"(anonymous_4)","decl":{"start":{"line":1,"column":9},"end":{"line":1,"column":22}},"loc":{"start":{"line":1,"column":9},"end":{"line":1,"column":49}}},"1":{"name":"(anonymous_5)","decl":{"start":{"line":2,"column":9},"end":{"line":2,"column":20}},"loc":{"start":{"line":2,"column":9},"end":{"line":2,"column":45}}}},"branchMap":{},"s":{"0":0,"1":0,"2":0,"3":0,"4":0},"f":{"0":0,"1":0},"b":{}}
}
