TN:
SF:src\besu-network.ts
FN:22,(anonymous_9)
FN:29,(anonymous_10)
FN:57,(anonymous_11)
FN:111,(anonymous_12)
FN:124,(anonymous_13)
FN:145,(anonymous_14)
FN:156,(anonymous_15)
FN:163,(anonymous_16)
FN:207,(anonymous_17)
FN:220,(anonymous_18)
FN:223,(anonymous_19)
FN:249,(anonymous_20)
FN:251,(anonymous_21)
FNF:13
FNH:12
FNDA:1,(anonymous_9)
FNDA:1,(anonymous_10)
FNDA:1,(anonymous_11)
FNDA:1,(anonymous_12)
FNDA:1,(anonymous_13)
FNDA:2,(anonymous_14)
FNDA:1,(anonymous_15)
FNDA:1,(anonymous_16)
FNDA:1,(anonymous_17)
FNDA:1,(anonymous_18)
FNDA:1,(anonymous_19)
FNDA:2,(anonymous_20)
FNDA:0,(anonymous_21)
DA:1,1
DA:11,1
DA:17,1
DA:20,1
DA:23,1
DA:31,1
DA:34,1
DA:43,1
DA:46,1
DA:47,1
DA:48,1
DA:50,0
DA:58,1
DA:59,0
DA:63,1
DA:66,1
DA:67,1
DA:70,1
DA:93,1
DA:96,1
DA:104,1
DA:105,1
DA:112,1
DA:113,1
DA:114,0
DA:117,1
DA:118,1
DA:125,1
DA:126,0
DA:130,1
DA:131,0
DA:135,1
DA:138,1
DA:139,1
DA:146,2
DA:147,0
DA:150,2
DA:152,2
DA:156,1
DA:164,1
DA:175,1
DA:177,1
DA:178,0
DA:180,1
DA:184,1
DA:188,0
DA:192,0
DA:194,0
DA:198,0
DA:201,1
DA:208,1
DA:209,0
DA:212,1
DA:213,0
DA:222,1
DA:223,1
DA:226,1
DA:228,1
DA:243,1
DA:250,2
DA:251,0
DA:257,2
DA:258,2
DA:259,0
DA:261,2
LF:65
LH:50
BRDA:29,0,0,1
BRDA:46,1,0,1
BRDA:46,1,1,0
BRDA:46,2,0,1
BRDA:46,2,1,0
BRDA:58,3,0,0
BRDA:66,4,0,1
BRDA:66,4,1,1
BRDA:67,5,0,1
BRDA:67,5,1,1
BRDA:113,6,0,0
BRDA:125,7,0,0
BRDA:146,8,0,0
BRDA:156,9,0,2
BRDA:156,9,1,1
BRDA:171,10,0,1
BRDA:171,10,1,1
BRDA:175,11,0,1
BRDA:175,11,1,0
BRDA:175,11,2,0
BRDA:177,12,0,0
BRDA:192,13,0,0
BRDA:208,14,0,0
BRDA:208,15,0,1
BRDA:208,15,1,1
BRDA:212,16,0,0
BRDA:212,17,0,1
BRDA:212,17,1,1
BRDA:239,18,0,1
BRDA:239,18,1,1
BRF:30
BRH:18
end_of_record
TN:
SF:src\docker-manager.ts
FN:19,(anonymous_1)
FN:28,(anonymous_2)
FN:59,(anonymous_3)
FN:104,(anonymous_4)
FN:118,(anonymous_5)
FN:142,(anonymous_6)
FN:162,(anonymous_7)
FN:168,(anonymous_8)
FN:197,(anonymous_9)
FN:202,(anonymous_10)
FNF:10
FNH:10
FNDA:1,(anonymous_1)
FNDA:1,(anonymous_2)
FNDA:1,(anonymous_3)
FNDA:1,(anonymous_4)
FNDA:1,(anonymous_5)
FNDA:1,(anonymous_6)
FNDA:2,(anonymous_7)
FNDA:1,(anonymous_8)
FNDA:1,(anonymous_9)
FNDA:2,(anonymous_10)
DA:1,1
DA:12,1
DA:20,1
DA:29,1
DA:31,1
DA:46,1
DA:47,1
DA:48,1
DA:50,0
DA:60,1
DA:62,1
DA:64,1
DA:69,1
DA:72,1
DA:73,1
DA:75,1
DA:80,1
DA:81,0
DA:86,1
DA:90,1
DA:92,1
DA:94,0
DA:105,1
DA:106,1
DA:107,1
DA:109,0
DA:119,1
DA:121,1
DA:122,1
DA:125,1
DA:128,1
DA:129,0
DA:132,0
DA:143,1
DA:145,1
DA:146,1
DA:150,1
DA:151,1
DA:153,0
DA:163,2
DA:164,2
DA:165,2
DA:167,2
DA:169,1
DA:170,1
DA:178,2
DA:188,0
DA:198,1
DA:199,1
DA:200,1
DA:202,2
DA:207,1
DA:214,0
LF:53
LH:44
BRDA:29,0,0,0
BRDA:72,1,0,1
BRDA:80,2,0,0
BRDA:104,3,0,1
BRDA:125,4,0,1
BRDA:125,4,1,0
BRDA:142,5,0,1
BRDA:145,6,0,1
BRDA:168,7,0,2
BRDA:168,7,1,0
BRDA:202,8,0,1
BRDA:202,8,1,0
BRF:12
BRH:7
end_of_record
TN:
SF:src\index.ts
FN:1,(anonymous_4)
FN:2,(anonymous_5)
FNF:2
FNH:0
FNDA:0,(anonymous_4)
FNDA:0,(anonymous_5)
DA:1,0
DA:2,0
DA:3,0
LF:3
LH:0
BRF:0
BRH:0
end_of_record
