<?xml version="1.0" encoding="UTF-8"?>
<coverage generated="1752095872985" clover="3.2.0">
  <project timestamp="1752095872985" name="All files">
    <metrics statements="55" coveredstatements="8" conditionals="12" coveredconditionals="1" methods="11" coveredmethods="2" elements="78" coveredelements="11" complexity="0" loc="55" ncloc="55" packages="1" files="2" classes="2"/>
    <file name="docker-manager.ts" path="/home/iobando/development/web2.5-faucet/besu-ts-lib/src/docker-manager.ts">
      <metrics statements="53" coveredstatements="8" conditionals="12" coveredconditionals="1" methods="10" coveredmethods="2"/>
      <line num="2" count="1" type="stmt"/>
      <line num="13" count="1" type="stmt"/>
      <line num="21" count="1" type="stmt"/>
      <line num="30" count="1" type="cond" truecount="1" falsecount="0"/>
      <line num="32" count="1" type="stmt"/>
      <line num="47" count="1" type="stmt"/>
      <line num="48" count="1" type="stmt"/>
      <line num="49" count="1" type="stmt"/>
      <line num="51" count="0" type="stmt"/>
      <line num="61" count="0" type="stmt"/>
      <line num="63" count="0" type="stmt"/>
      <line num="65" count="0" type="stmt"/>
      <line num="70" count="0" type="stmt"/>
      <line num="73" count="0" type="cond" truecount="0" falsecount="1"/>
      <line num="74" count="0" type="stmt"/>
      <line num="76" count="0" type="stmt"/>
      <line num="81" count="0" type="cond" truecount="0" falsecount="1"/>
      <line num="82" count="0" type="stmt"/>
      <line num="87" count="0" type="stmt"/>
      <line num="91" count="0" type="stmt"/>
      <line num="93" count="0" type="stmt"/>
      <line num="95" count="0" type="stmt"/>
      <line num="106" count="0" type="stmt"/>
      <line num="107" count="0" type="stmt"/>
      <line num="108" count="0" type="stmt"/>
      <line num="110" count="0" type="stmt"/>
      <line num="120" count="0" type="stmt"/>
      <line num="122" count="0" type="stmt"/>
      <line num="123" count="0" type="stmt"/>
      <line num="126" count="0" type="cond" truecount="0" falsecount="2"/>
      <line num="129" count="0" type="stmt"/>
      <line num="130" count="0" type="stmt"/>
      <line num="133" count="0" type="stmt"/>
      <line num="144" count="0" type="stmt"/>
      <line num="146" count="0" type="cond" truecount="0" falsecount="1"/>
      <line num="147" count="0" type="stmt"/>
      <line num="151" count="0" type="stmt"/>
      <line num="152" count="0" type="stmt"/>
      <line num="154" count="0" type="stmt"/>
      <line num="164" count="0" type="stmt"/>
      <line num="165" count="0" type="stmt"/>
      <line num="166" count="0" type="stmt"/>
      <line num="168" count="0" type="stmt"/>
      <line num="170" count="0" type="stmt"/>
      <line num="171" count="0" type="stmt"/>
      <line num="179" count="0" type="stmt"/>
      <line num="189" count="0" type="stmt"/>
      <line num="199" count="0" type="stmt"/>
      <line num="200" count="0" type="stmt"/>
      <line num="201" count="0" type="stmt"/>
      <line num="203" count="0" type="cond" truecount="0" falsecount="2"/>
      <line num="208" count="0" type="stmt"/>
      <line num="215" count="0" type="stmt"/>
    </file>
    <file name="index.ts" path="/home/iobando/development/web2.5-faucet/besu-ts-lib/src/index.ts">
      <metrics statements="2" coveredstatements="0" conditionals="0" coveredconditionals="0" methods="1" coveredmethods="0"/>
      <line num="1" count="0" type="stmt"/>
      <line num="2" count="0" type="stmt"/>
    </file>
  </project>
</coverage>
