{"/home/iobando/development/web2.5-faucet/besu-ts-lib/src/docker-manager.ts": {"path":"/home/iobando/development/web2.5-faucet/besu-ts-lib/src/docker-manager.ts","statementMap":{"0":{"start":{"line":2,"column":0},"end":{"line":2,"column":31}},"1":{"start":{"line":21,"column":4},"end":{"line":21,"column":38}},"2":{"start":{"line":30,"column":42},"end":{"line":30,"column":49}},"3":{"start":{"line":32,"column":56},"end":{"line":45,"column":6}},"4":{"start":{"line":47,"column":4},"end":{"line":52,"column":5}},"5":{"start":{"line":48,"column":22},"end":{"line":48,"column":69}},"6":{"start":{"line":49,"column":6},"end":{"line":49,"column":24}},"7":{"start":{"line":51,"column":6},"end":{"line":51,"column":76}},"8":{"start":{"line":61,"column":59},"end":{"line":61,"column":66}},"9":{"start":{"line":63,"column":4},"end":{"line":96,"column":5}},"10":{"start":{"line":65,"column":24},"end":{"line":68,"column":8}},"11":{"start":{"line":70,"column":26},"end":{"line":70,"column":38}},"12":{"start":{"line":73,"column":6},"end":{"line":88,"column":7}},"13":{"start":{"line":74,"column":24},"end":{"line":74,"column":59}},"14":{"start":{"line":76,"column":68},"end":{"line":78,"column":10}},"15":{"start":{"line":81,"column":8},"end":{"line":85,"column":9}},"16":{"start":{"line":82,"column":10},"end":{"line":84,"column":12}},"17":{"start":{"line":87,"column":8},"end":{"line":87,"column":53}},"18":{"start":{"line":91,"column":6},"end":{"line":91,"column":30}},"19":{"start":{"line":93,"column":6},"end":{"line":93,"column":25}},"20":{"start":{"line":95,"column":6},"end":{"line":95,"column":83}},"21":{"start":{"line":106,"column":4},"end":{"line":111,"column":5}},"22":{"start":{"line":107,"column":24},"end":{"line":107,"column":58}},"23":{"start":{"line":108,"column":6},"end":{"line":108,"column":40}},"24":{"start":{"line":110,"column":6},"end":{"line":110,"column":86}},"25":{"start":{"line":120,"column":4},"end":{"line":134,"column":5}},"26":{"start":{"line":122,"column":22},"end":{"line":122,"column":61}},"27":{"start":{"line":123,"column":26},"end":{"line":123,"column":49}},"28":{"start":{"line":126,"column":27},"end":{"line":126,"column":68}},"29":{"start":{"line":129,"column":6},"end":{"line":131,"column":7}},"30":{"start":{"line":130,"column":8},"end":{"line":130,"column":48}},"31":{"start":{"line":133,"column":6},"end":{"line":133,"column":99}},"32":{"start":{"line":144,"column":4},"end":{"line":155,"column":5}},"33":{"start":{"line":146,"column":6},"end":{"line":148,"column":7}},"34":{"start":{"line":147,"column":8},"end":{"line":147,"column":62}},"35":{"start":{"line":151,"column":22},"end":{"line":151,"column":61}},"36":{"start":{"line":152,"column":6},"end":{"line":152,"column":29}},"37":{"start":{"line":154,"column":6},"end":{"line":154,"column":79}},"38":{"start":{"line":164,"column":4},"end":{"line":190,"column":5}},"39":{"start":{"line":165,"column":22},"end":{"line":165,"column":61}},"40":{"start":{"line":166,"column":19},"end":{"line":166,"column":42}},"41":{"start":{"line":168,"column":25},"end":{"line":176,"column":null}},"42":{"start":{"line":170,"column":32},"end":{"line":170,"column":76}},"43":{"start":{"line":171,"column":10},"end":{"line":175,"column":12}},"44":{"start":{"line":179,"column":6},"end":{"line":187,"column":8}},"45":{"start":{"line":189,"column":6},"end":{"line":189,"column":93}},"46":{"start":{"line":199,"column":4},"end":{"line":216,"column":5}},"47":{"start":{"line":200,"column":24},"end":{"line":200,"column":67}},"48":{"start":{"line":201,"column":19},"end":{"line":201,"column":44}},"49":{"start":{"line":203,"column":23},"end":{"line":206,"column":9}},"50":{"start":{"line":203,"column":101},"end":{"line":206,"column":8}},"51":{"start":{"line":208,"column":6},"end":{"line":213,"column":8}},"52":{"start":{"line":215,"column":6},"end":{"line":215,"column":98}},"53":{"start":{"line":13,"column":0},"end":{"line":13,"column":13}}},"fnMap":{"0":{"name":"(anonymous_1)","decl":{"start":{"line":20,"column":2},"end":{"line":20,"column":14}},"loc":{"start":{"line":20,"column":44},"end":{"line":22,"column":3}}},"1":{"name":"(anonymous_2)","decl":{"start":{"line":29,"column":2},"end":{"line":29,"column":7}},"loc":{"start":{"line":29,"column":51},"end":{"line":53,"column":3}}},"2":{"name":"(anonymous_3)","decl":{"start":{"line":60,"column":2},"end":{"line":60,"column":7}},"loc":{"start":{"line":60,"column":49},"end":{"line":97,"column":3}}},"3":{"name":"(anonymous_4)","decl":{"start":{"line":105,"column":2},"end":{"line":105,"column":7}},"loc":{"start":{"line":105,"column":63},"end":{"line":112,"column":3}}},"4":{"name":"(anonymous_5)","decl":{"start":{"line":119,"column":2},"end":{"line":119,"column":7}},"loc":{"start":{"line":119,"column":57},"end":{"line":135,"column":3}}},"5":{"name":"(anonymous_6)","decl":{"start":{"line":143,"column":2},"end":{"line":143,"column":7}},"loc":{"start":{"line":143,"column":79},"end":{"line":156,"column":3}}},"6":{"name":"(anonymous_7)","decl":{"start":{"line":163,"column":2},"end":{"line":163,"column":7}},"loc":{"start":{"line":163,"column":46},"end":{"line":191,"column":3}}},"7":{"name":"(anonymous_8)","decl":{"start":{"line":169,"column":50},"end":{"line":169,"column":55}},"loc":{"start":{"line":169,"column":76},"end":{"line":176,"column":9}}},"8":{"name":"(anonymous_9)","decl":{"start":{"line":198,"column":2},"end":{"line":198,"column":7}},"loc":{"start":{"line":198,"column":50},"end":{"line":217,"column":3}}},"9":{"name":"(anonymous_10)","decl":{"start":{"line":203,"column":79},"end":{"line":203,"column":80}},"loc":{"start":{"line":203,"column":101},"end":{"line":206,"column":8}}}},"branchMap":{"0":{"loc":{"start":{"line":30,"column":26},"end":{"line":30,"column":37}},"type":"default-arg","locations":[{"start":{"line":30,"column":35},"end":{"line":30,"column":37}}]},"1":{"loc":{"start":{"line":73,"column":6},"end":{"line":88,"column":7}},"type":"if","locations":[{"start":{"line":73,"column":6},"end":{"line":88,"column":7}}]},"2":{"loc":{"start":{"line":81,"column":8},"end":{"line":85,"column":9}},"type":"if","locations":[{"start":{"line":81,"column":8},"end":{"line":85,"column":9}}]},"3":{"loc":{"start":{"line":105,"column":42},"end":{"line":105,"column":63}},"type":"default-arg","locations":[{"start":{"line":105,"column":59},"end":{"line":105,"column":63}}]},"4":{"loc":{"start":{"line":126,"column":39},"end":{"line":126,"column":67}},"type":"binary-expr","locations":[{"start":{"line":126,"column":39},"end":{"line":126,"column":61}},{"start":{"line":126,"column":65},"end":{"line":126,"column":67}}]},"5":{"loc":{"start":{"line":143,"column":47},"end":{"line":143,"column":79}},"type":"default-arg","locations":[{"start":{"line":143,"column":75},"end":{"line":143,"column":79}}]},"6":{"loc":{"start":{"line":146,"column":6},"end":{"line":148,"column":7}},"type":"if","locations":[{"start":{"line":146,"column":6},"end":{"line":148,"column":7}}]},"7":{"loc":{"start":{"line":169,"column":23},"end":{"line":169,"column":44}},"type":"binary-expr","locations":[{"start":{"line":169,"column":23},"end":{"line":169,"column":38}},{"start":{"line":169,"column":42},"end":{"line":169,"column":44}}]},"8":{"loc":{"start":{"line":203,"column":38},"end":{"line":203,"column":73}},"type":"binary-expr","locations":[{"start":{"line":203,"column":38},"end":{"line":203,"column":67}},{"start":{"line":203,"column":71},"end":{"line":203,"column":73}}]}},"s":{"0":1,"1":1,"2":1,"3":1,"4":1,"5":1,"6":1,"7":0,"8":0,"9":0,"10":0,"11":0,"12":0,"13":0,"14":0,"15":0,"16":0,"17":0,"18":0,"19":0,"20":0,"21":0,"22":0,"23":0,"24":0,"25":0,"26":0,"27":0,"28":0,"29":0,"30":0,"31":0,"32":0,"33":0,"34":0,"35":0,"36":0,"37":0,"38":0,"39":0,"40":0,"41":0,"42":0,"43":0,"44":0,"45":0,"46":0,"47":0,"48":0,"49":0,"50":0,"51":0,"52":0,"53":1},"f":{"0":1,"1":1,"2":0,"3":0,"4":0,"5":0,"6":0,"7":0,"8":0,"9":0},"b":{"0":[1],"1":[0],"2":[0],"3":[0],"4":[0,0],"5":[0],"6":[0],"7":[0,0],"8":[0,0]}}
,"/home/iobando/development/web2.5-faucet/besu-ts-lib/src/index.ts": {"path":"/home/iobando/development/web2.5-faucet/besu-ts-lib/src/index.ts","statementMap":{"0":{"start":{"line":1,"column":0},"end":{"line":1,"column":9}},"1":{"start":{"line":1,"column":9},"end":{"line":1,"column":49}},"2":{"start":{"line":2,"column":0},"end":{"line":2,"column":24}}},"fnMap":{"0":{"name":"(anonymous_4)","decl":{"start":{"line":1,"column":9},"end":{"line":1,"column":22}},"loc":{"start":{"line":1,"column":9},"end":{"line":1,"column":49}}}},"branchMap":{},"s":{"0":0,"1":0,"2":0},"f":{"0":0},"b":{}}
}
