TN:
SF:src/docker-manager.ts
FN:20,(anonymous_1)
FN:29,(anonymous_2)
FN:60,(anonymous_3)
FN:105,(anonymous_4)
FN:119,(anonymous_5)
FN:143,(anonymous_6)
FN:163,(anonymous_7)
FN:169,(anonymous_8)
FN:198,(anonymous_9)
FN:203,(anonymous_10)
FNF:10
FNH:2
FNDA:1,(anonymous_1)
FNDA:1,(anonymous_2)
FNDA:0,(anonymous_3)
FNDA:0,(anonymous_4)
FNDA:0,(anonymous_5)
FNDA:0,(anonymous_6)
FNDA:0,(anonymous_7)
FNDA:0,(anonymous_8)
FNDA:0,(anonymous_9)
FNDA:0,(anonymous_10)
DA:2,1
DA:13,1
DA:21,1
DA:30,1
DA:32,1
DA:47,1
DA:48,1
DA:49,1
DA:51,0
DA:61,0
DA:63,0
DA:65,0
DA:70,0
DA:73,0
DA:74,0
DA:76,0
DA:81,0
DA:82,0
DA:87,0
DA:91,0
DA:93,0
DA:95,0
DA:106,0
DA:107,0
DA:108,0
DA:110,0
DA:120,0
DA:122,0
DA:123,0
DA:126,0
DA:129,0
DA:130,0
DA:133,0
DA:144,0
DA:146,0
DA:147,0
DA:151,0
DA:152,0
DA:154,0
DA:164,0
DA:165,0
DA:166,0
DA:168,0
DA:170,0
DA:171,0
DA:179,0
DA:189,0
DA:199,0
DA:200,0
DA:201,0
DA:203,0
DA:208,0
DA:215,0
LF:53
LH:8
BRDA:30,0,0,1
BRDA:73,1,0,0
BRDA:81,2,0,0
BRDA:105,3,0,0
BRDA:126,4,0,0
BRDA:126,4,1,0
BRDA:143,5,0,0
BRDA:146,6,0,0
BRDA:169,7,0,0
BRDA:169,7,1,0
BRDA:203,8,0,0
BRDA:203,8,1,0
BRF:12
BRH:1
end_of_record
TN:
SF:src/index.ts
FN:1,(anonymous_4)
FNF:1
FNH:0
FNDA:0,(anonymous_4)
DA:1,0
DA:2,0
LF:2
LH:0
BRF:0
BRH:0
end_of_record
