TN:
SF:src/docker-manager.ts
FN:19,(anonymous_1)
FN:28,(anonymous_2)
FN:59,(anonymous_3)
FN:104,(anonymous_4)
FN:118,(anonymous_5)
FN:142,(anonymous_6)
FN:162,(anonymous_7)
FN:168,(anonymous_8)
FN:197,(anonymous_9)
FN:202,(anonymous_10)
FNF:10
FNH:10
FNDA:18,(anonymous_1)
FNDA:2,(anonymous_2)
FNDA:3,(anonymous_3)
FNDA:3,(anonymous_4)
FNDA:3,(anonymous_5)
FNDA:3,(anonymous_6)
FNDA:2,(anonymous_7)
FNDA:1,(anonymous_8)
FNDA:2,(anonymous_9)
FNDA:2,(anonymous_10)
DA:1,1
DA:12,1
DA:20,18
DA:29,2
DA:31,2
DA:46,2
DA:47,2
DA:48,1
DA:50,1
DA:60,3
DA:62,3
DA:64,3
DA:69,2
DA:72,2
DA:73,1
DA:75,1
DA:80,1
DA:81,1
DA:86,1
DA:90,2
DA:92,2
DA:94,1
DA:105,3
DA:106,3
DA:107,3
DA:109,1
DA:119,3
DA:121,3
DA:122,3
DA:125,2
DA:128,2
DA:129,2
DA:132,1
DA:143,3
DA:145,3
DA:146,2
DA:150,3
DA:151,3
DA:153,1
DA:163,2
DA:164,2
DA:165,2
DA:167,1
DA:169,1
DA:170,1
DA:178,1
DA:188,1
DA:198,2
DA:199,2
DA:200,2
DA:202,2
DA:207,1
DA:214,1
LF:53
LH:53
BRDA:29,0,0,1
BRDA:72,1,0,1
BRDA:80,2,0,1
BRDA:104,3,0,2
BRDA:125,4,0,2
BRDA:125,4,1,0
BRDA:142,5,0,2
BRDA:145,6,0,2
BRDA:168,7,0,1
BRDA:168,7,1,0
BRDA:202,8,0,1
BRDA:202,8,1,0
BRF:12
BRH:9
end_of_record
TN:
SF:src/index.ts
FN:1,(anonymous_4)
FNF:1
FNH:0
FNDA:0,(anonymous_4)
DA:1,0
DA:2,0
LF:2
LH:0
BRF:0
BRH:0
end_of_record
