{"/Users/joseviejo/curso/codecripto/web25-besu-2025/lib2/src/docker-manager.ts": {"path":"/Users/joseviejo/curso/codecripto/web25-besu-2025/lib2/src/docker-manager.ts","statementMap":{"0":{"start":{"line":1,"column":0},"end":{"line":1,"column":31}},"1":{"start":{"line":20,"column":4},"end":{"line":20,"column":38}},"2":{"start":{"line":29,"column":42},"end":{"line":29,"column":49}},"3":{"start":{"line":31,"column":56},"end":{"line":44,"column":6}},"4":{"start":{"line":46,"column":4},"end":{"line":51,"column":5}},"5":{"start":{"line":47,"column":22},"end":{"line":47,"column":69}},"6":{"start":{"line":48,"column":6},"end":{"line":48,"column":24}},"7":{"start":{"line":50,"column":6},"end":{"line":50,"column":76}},"8":{"start":{"line":60,"column":59},"end":{"line":60,"column":66}},"9":{"start":{"line":62,"column":4},"end":{"line":95,"column":5}},"10":{"start":{"line":64,"column":24},"end":{"line":67,"column":8}},"11":{"start":{"line":69,"column":26},"end":{"line":69,"column":38}},"12":{"start":{"line":72,"column":6},"end":{"line":87,"column":7}},"13":{"start":{"line":73,"column":24},"end":{"line":73,"column":59}},"14":{"start":{"line":75,"column":68},"end":{"line":77,"column":10}},"15":{"start":{"line":80,"column":8},"end":{"line":84,"column":9}},"16":{"start":{"line":81,"column":10},"end":{"line":83,"column":12}},"17":{"start":{"line":86,"column":8},"end":{"line":86,"column":53}},"18":{"start":{"line":90,"column":6},"end":{"line":90,"column":30}},"19":{"start":{"line":92,"column":6},"end":{"line":92,"column":25}},"20":{"start":{"line":94,"column":6},"end":{"line":94,"column":83}},"21":{"start":{"line":105,"column":4},"end":{"line":110,"column":5}},"22":{"start":{"line":106,"column":24},"end":{"line":106,"column":58}},"23":{"start":{"line":107,"column":6},"end":{"line":107,"column":40}},"24":{"start":{"line":109,"column":6},"end":{"line":109,"column":86}},"25":{"start":{"line":119,"column":4},"end":{"line":133,"column":5}},"26":{"start":{"line":121,"column":22},"end":{"line":121,"column":61}},"27":{"start":{"line":122,"column":26},"end":{"line":122,"column":49}},"28":{"start":{"line":125,"column":27},"end":{"line":125,"column":68}},"29":{"start":{"line":128,"column":6},"end":{"line":130,"column":7}},"30":{"start":{"line":129,"column":8},"end":{"line":129,"column":48}},"31":{"start":{"line":132,"column":6},"end":{"line":132,"column":99}},"32":{"start":{"line":143,"column":4},"end":{"line":154,"column":5}},"33":{"start":{"line":145,"column":6},"end":{"line":147,"column":7}},"34":{"start":{"line":146,"column":8},"end":{"line":146,"column":62}},"35":{"start":{"line":150,"column":22},"end":{"line":150,"column":61}},"36":{"start":{"line":151,"column":6},"end":{"line":151,"column":29}},"37":{"start":{"line":153,"column":6},"end":{"line":153,"column":79}},"38":{"start":{"line":163,"column":4},"end":{"line":189,"column":5}},"39":{"start":{"line":164,"column":22},"end":{"line":164,"column":61}},"40":{"start":{"line":165,"column":19},"end":{"line":165,"column":42}},"41":{"start":{"line":167,"column":25},"end":{"line":175,"column":null}},"42":{"start":{"line":169,"column":32},"end":{"line":169,"column":76}},"43":{"start":{"line":170,"column":10},"end":{"line":174,"column":12}},"44":{"start":{"line":178,"column":6},"end":{"line":186,"column":8}},"45":{"start":{"line":188,"column":6},"end":{"line":188,"column":93}},"46":{"start":{"line":198,"column":4},"end":{"line":215,"column":5}},"47":{"start":{"line":199,"column":24},"end":{"line":199,"column":67}},"48":{"start":{"line":200,"column":19},"end":{"line":200,"column":44}},"49":{"start":{"line":202,"column":23},"end":{"line":205,"column":9}},"50":{"start":{"line":202,"column":101},"end":{"line":205,"column":8}},"51":{"start":{"line":207,"column":6},"end":{"line":212,"column":8}},"52":{"start":{"line":214,"column":6},"end":{"line":214,"column":98}},"53":{"start":{"line":12,"column":0},"end":{"line":12,"column":13}}},"fnMap":{"0":{"name":"(anonymous_1)","decl":{"start":{"line":19,"column":2},"end":{"line":19,"column":14}},"loc":{"start":{"line":19,"column":44},"end":{"line":21,"column":3}}},"1":{"name":"(anonymous_2)","decl":{"start":{"line":28,"column":2},"end":{"line":28,"column":7}},"loc":{"start":{"line":28,"column":51},"end":{"line":52,"column":3}}},"2":{"name":"(anonymous_3)","decl":{"start":{"line":59,"column":2},"end":{"line":59,"column":7}},"loc":{"start":{"line":59,"column":49},"end":{"line":96,"column":3}}},"3":{"name":"(anonymous_4)","decl":{"start":{"line":104,"column":2},"end":{"line":104,"column":7}},"loc":{"start":{"line":104,"column":63},"end":{"line":111,"column":3}}},"4":{"name":"(anonymous_5)","decl":{"start":{"line":118,"column":2},"end":{"line":118,"column":7}},"loc":{"start":{"line":118,"column":57},"end":{"line":134,"column":3}}},"5":{"name":"(anonymous_6)","decl":{"start":{"line":142,"column":2},"end":{"line":142,"column":7}},"loc":{"start":{"line":142,"column":79},"end":{"line":155,"column":3}}},"6":{"name":"(anonymous_7)","decl":{"start":{"line":162,"column":2},"end":{"line":162,"column":7}},"loc":{"start":{"line":162,"column":46},"end":{"line":190,"column":3}}},"7":{"name":"(anonymous_8)","decl":{"start":{"line":168,"column":50},"end":{"line":168,"column":55}},"loc":{"start":{"line":168,"column":76},"end":{"line":175,"column":9}}},"8":{"name":"(anonymous_9)","decl":{"start":{"line":197,"column":2},"end":{"line":197,"column":7}},"loc":{"start":{"line":197,"column":50},"end":{"line":216,"column":3}}},"9":{"name":"(anonymous_10)","decl":{"start":{"line":202,"column":79},"end":{"line":202,"column":80}},"loc":{"start":{"line":202,"column":101},"end":{"line":205,"column":8}}}},"branchMap":{"0":{"loc":{"start":{"line":29,"column":26},"end":{"line":29,"column":37}},"type":"default-arg","locations":[{"start":{"line":29,"column":35},"end":{"line":29,"column":37}}]},"1":{"loc":{"start":{"line":72,"column":6},"end":{"line":87,"column":7}},"type":"if","locations":[{"start":{"line":72,"column":6},"end":{"line":87,"column":7}}]},"2":{"loc":{"start":{"line":80,"column":8},"end":{"line":84,"column":9}},"type":"if","locations":[{"start":{"line":80,"column":8},"end":{"line":84,"column":9}}]},"3":{"loc":{"start":{"line":104,"column":42},"end":{"line":104,"column":63}},"type":"default-arg","locations":[{"start":{"line":104,"column":59},"end":{"line":104,"column":63}}]},"4":{"loc":{"start":{"line":125,"column":39},"end":{"line":125,"column":67}},"type":"binary-expr","locations":[{"start":{"line":125,"column":39},"end":{"line":125,"column":61}},{"start":{"line":125,"column":65},"end":{"line":125,"column":67}}]},"5":{"loc":{"start":{"line":142,"column":47},"end":{"line":142,"column":79}},"type":"default-arg","locations":[{"start":{"line":142,"column":75},"end":{"line":142,"column":79}}]},"6":{"loc":{"start":{"line":145,"column":6},"end":{"line":147,"column":7}},"type":"if","locations":[{"start":{"line":145,"column":6},"end":{"line":147,"column":7}}]},"7":{"loc":{"start":{"line":168,"column":23},"end":{"line":168,"column":44}},"type":"binary-expr","locations":[{"start":{"line":168,"column":23},"end":{"line":168,"column":38}},{"start":{"line":168,"column":42},"end":{"line":168,"column":44}}]},"8":{"loc":{"start":{"line":202,"column":38},"end":{"line":202,"column":73}},"type":"binary-expr","locations":[{"start":{"line":202,"column":38},"end":{"line":202,"column":67}},{"start":{"line":202,"column":71},"end":{"line":202,"column":73}}]}},"s":{"0":1,"1":18,"2":2,"3":2,"4":2,"5":2,"6":1,"7":1,"8":3,"9":3,"10":3,"11":2,"12":2,"13":1,"14":1,"15":1,"16":1,"17":1,"18":2,"19":2,"20":1,"21":3,"22":3,"23":3,"24":1,"25":3,"26":3,"27":3,"28":2,"29":2,"30":2,"31":1,"32":3,"33":3,"34":2,"35":3,"36":3,"37":1,"38":2,"39":2,"40":2,"41":1,"42":1,"43":1,"44":1,"45":1,"46":2,"47":2,"48":2,"49":1,"50":2,"51":1,"52":1,"53":1},"f":{"0":18,"1":2,"2":3,"3":3,"4":3,"5":3,"6":2,"7":1,"8":2,"9":2},"b":{"0":[1],"1":[1],"2":[1],"3":[2],"4":[2,0],"5":[2],"6":[2],"7":[1,0],"8":[1,0]}}
,"/Users/joseviejo/curso/codecripto/web25-besu-2025/lib2/src/index.ts": {"path":"/Users/joseviejo/curso/codecripto/web25-besu-2025/lib2/src/index.ts","statementMap":{"0":{"start":{"line":1,"column":0},"end":{"line":1,"column":9}},"1":{"start":{"line":1,"column":9},"end":{"line":1,"column":49}},"2":{"start":{"line":2,"column":0},"end":{"line":2,"column":24}}},"fnMap":{"0":{"name":"(anonymous_4)","decl":{"start":{"line":1,"column":9},"end":{"line":1,"column":22}},"loc":{"start":{"line":1,"column":9},"end":{"line":1,"column":49}}}},"branchMap":{},"s":{"0":0,"1":0,"2":0},"f":{"0":0},"b":{}}
}
